Building DAG of jobs...
File path 'StringTie/ sample_5292 _stringtie.gff ' ends with whitespace. This is likely unintended. It can also lead to inconsistent results of the file-matching approach used by Snakemake.
File path 'processed_reads/ sample_5292 _reads_unzipped.fq ' ends with whitespace. This is likely unintended. It can also lead to inconsistent results of the file-matching approach used by Snakemake.
File path 'processed_reads/ sample_5292 _reads_concat.fq.gz ' ends with whitespace. This is likely unintended. It can also lead to inconsistent results of the file-matching approach used by Snakemake.
File path 'processed_reads/ sample_5292 _reads_unzipped.fq ' ends with whitespace. This is likely unintended. It can also lead to inconsistent results of the file-matching approach used by Snakemake.
File path 'processed_reads/ sample_5292 _reads_concat.fq.gz ' ends with whitespace. This is likely unintended. It can also lead to inconsistent results of the file-matching approach used by Snakemake.
File path 'Mapping/ sample_5292 _minimap.sam ' ends with whitespace. This is likely unintended. It can also lead to inconsistent results of the file-matching approach used by Snakemake.
File path 'StringTie/ sample_5292 _stringtie.gff ' ends with whitespace. This is likely unintended. It can also lead to inconsistent results of the file-matching approach used by Snakemake.
File path 'StringTie/ sample_5292 _StringTie.log ' ends with whitespace. This is likely unintended. It can also lead to inconsistent results of the file-matching approach used by Snakemake.
File path 'Pychopper/ sample_5292 _full_length_reads.fastq ' ends with whitespace. This is likely unintended. It can also lead to inconsistent results of the file-matching approach used by Snakemake.
File path 'Mapping/ sample_5292 _minimap.sam ' ends with whitespace. This is likely unintended. It can also lead to inconsistent results of the file-matching approach used by Snakemake.
File path 'Mapping/ sample_5292 _minimap.log ' ends with whitespace. This is likely unintended. It can also lead to inconsistent results of the file-matching approach used by Snakemake.
File path 'processed_reads/ sample_5292 _reads_unzipped.fq ' ends with whitespace. This is likely unintended. It can also lead to inconsistent results of the file-matching approach used by Snakemake.
File path 'Pychopper/ sample_5292 _full_length_reads.fastq ' ends with whitespace. This is likely unintended. It can also lead to inconsistent results of the file-matching approach used by Snakemake.
File path '/home/MinaRyten/Emil/projects/APP_manuscript/ONT_long_read_analysis/sample_5292/Pychopper/ sample_5292 _pychopped.log ' ends with whitespace. This is likely unintended. It can also lead to inconsistent results of the file-matching approach used by Snakemake.
MissingInputException in rule concatenate_reads  in line 66 of /home/MinaRyten/Emil/Snakemakes/pipeline-isoforms-ONT-stringtie/snakefile:
Missing input files for rule concatenate_reads:
    output: processed_reads/ sample_5292 _reads_concat.fq.gz 
    affected files:
        /home/MinaRyten/Emil/public_data/long-read/Ebbert_2023/sample_5292_PAG75292.fastq
