Building DAG of jobs...
Using shell: /usr/bin/bash
Provided cores: 150
Rules claiming more threads will be scaled down.
Job stats:
job                count    min threads    max threads
---------------  -------  -------------  -------------
all                    1              1              1
minimap_mapping        1            150            150
nanostat               1            150            150
pychopper              1            150            150
run_stringtie          1            150            150
total                  5              1            150

Select jobs to execute...

[Fri Aug 23 12:20:15 2024]
rule nanostat:
    input: /home/MinaRyten/Emil/public_data/long-read/Ebbert_2023/sample_5356_PAM42933.fastq
    output: Nanostat/stat_out.txt
    jobid: 1
    reason: Missing output files: Nanostat/stat_out.txt
    threads: 150
    resources: tmpdir=/tmp

[Fri Aug 23 14:01:42 2024]
Finished job 1.
1 of 5 steps (20%) done
Select jobs to execute...

[Fri Aug 23 14:01:42 2024]
rule pychopper:
    input: /home/MinaRyten/Emil/public_data/long-read/Ebbert_2023/sample_5356_PAM42933.fastq
    output: Pychopper/sample_5356_full_length_reads.fastq
    log: /home/MinaRyten/Emil/projects/APP_manuscript/ONT_long_read_analysis/sample_5356/Pychopper/sample_5356_pychopped.log
    jobid: 4
    reason: Missing output files: Pychopper/sample_5356_full_length_reads.fastq
    threads: 150
    resources: tmpdir=/tmp

[Fri Aug 23 19:44:49 2024]
Finished job 4.
2 of 5 steps (40%) done
Select jobs to execute...

[Fri Aug 23 19:44:49 2024]
rule minimap_mapping:
    input: /home/MinaRyten/Emil/references/GRCh38.primary_assembly.genome.fa, Pychopper/sample_5356_full_length_reads.fastq
    output: Mapping/sample_5356_minimap.sam
    log: Mapping/sample_5356_minimap.log
    jobid: 3
    reason: Missing output files: Mapping/sample_5356_minimap.sam; Input files updated by another job: Pychopper/sample_5356_full_length_reads.fastq
    threads: 150
    resources: tmpdir=/tmp

[Fri Aug 23 20:47:37 2024]
Finished job 3.
3 of 5 steps (60%) done
Select jobs to execute...

[Fri Aug 23 20:47:37 2024]
rule run_stringtie:
    input: Mapping/sample_5356_minimap.sam, /home/MinaRyten/Emil/references/GRCh38.primary_assembly.genome.fa
    output: StringTie/sample_5356_stringtie.gff
    log: StringTie/sample_5356_StringTie.log
    jobid: 2
    reason: Missing output files: StringTie/sample_5356_stringtie.gff; Input files updated by another job: Mapping/sample_5356_minimap.sam
    threads: 150
    resources: tmpdir=/tmp

[Fri Aug 23 20:52:37 2024]
Finished job 2.
4 of 5 steps (80%) done
Select jobs to execute...

[Fri Aug 23 20:52:37 2024]
localrule all:
    input: Nanostat/stat_out.txt, StringTie/sample_5356_stringtie.gff
    jobid: 0
    reason: Input files updated by another job: StringTie/sample_5356_stringtie.gff, Nanostat/stat_out.txt
    resources: tmpdir=/tmp

[Fri Aug 23 20:52:37 2024]
Finished job 0.
5 of 5 steps (100%) done
Complete log: ../../../../Snakemakes/pipeline-isoforms-ONT-stringtie/.snakemake/log/2024-08-23T122014.735285.snakemake.log
