Building DAG of jobs...
Using shell: /usr/bin/bash
Provided cores: 150
Rules claiming more threads will be scaled down.
Job stats:
job                count    min threads    max threads
---------------  -------  -------------  -------------
all                    1              1              1
minimap_mapping        1            150            150
nanostat               1            150            150
pychopper              1            150            150
run_stringtie          1            150            150
total                  5              1            150

Select jobs to execute...

[Thu Aug 22 16:30:24 2024]
rule nanostat:
    input: /home/MinaRyten/Emil/public_data/long-read/Ebbert_2023/sample_579_PAG75663.fastq
    output: Nanostat/stat_out.txt
    jobid: 1
    reason: Missing output files: Nanostat/stat_out.txt
    threads: 150
    resources: tmpdir=/tmp

[Thu Aug 22 19:13:00 2024]
Finished job 1.
1 of 5 steps (20%) done
Select jobs to execute...

[Thu Aug 22 19:13:00 2024]
rule pychopper:
    input: /home/MinaRyten/Emil/public_data/long-read/Ebbert_2023/sample_579_PAG75663.fastq
    output: Pychopper/sample_579_full_length_reads.fastq
    log: /home/MinaRyten/Emil/projects/APP_manuscript/ONT_long_read_analysis/Pychopper/sample_579_pychopped.log
    jobid: 4
    reason: Missing output files: Pychopper/sample_579_full_length_reads.fastq
    threads: 150
    resources: tmpdir=/tmp

[Fri Aug 23 00:47:30 2024]
Finished job 4.
2 of 5 steps (40%) done
Select jobs to execute...

[Fri Aug 23 00:47:30 2024]
rule minimap_mapping:
    input: /home/MinaRyten/Emil/references/GRCh38.primary_assembly.genome.fa, Pychopper/sample_579_full_length_reads.fastq
    output: Mapping/sample_579_minimap.sam
    log: Mapping/sample_579_minimap.log
    jobid: 3
    reason: Missing output files: Mapping/sample_579_minimap.sam; Input files updated by another job: Pychopper/sample_579_full_length_reads.fastq
    threads: 150
    resources: tmpdir=/tmp

[Fri Aug 23 01:33:07 2024]
Finished job 3.
3 of 5 steps (60%) done
Select jobs to execute...

[Fri Aug 23 01:33:07 2024]
rule run_stringtie:
    input: Mapping/sample_579_minimap.sam, /home/MinaRyten/Emil/references/GRCh38.primary_assembly.genome.fa
    output: StringTie/sample_579_stringtie.gff
    log: StringTie/sample_579_StringTie.log
    jobid: 2
    reason: Missing output files: StringTie/sample_579_stringtie.gff; Input files updated by another job: Mapping/sample_579_minimap.sam
    threads: 150
    resources: tmpdir=/tmp

[Fri Aug 23 01:33:07 2024]
Error in rule run_stringtie:
    jobid: 2
    input: Mapping/sample_579_minimap.sam, /home/MinaRyten/Emil/references/GRCh38.primary_assembly.genome.fa
    output: StringTie/sample_579_stringtie.gff
    log: StringTie/sample_579_StringTie.log (check log file(s) for error message)
    shell:
        
        G_FLAG=""
        if params.guide == "YES":
            G_FLAG="-G /home/MinaRyten/Emil/references/gencode.v38.annotation.gtf"
        stringtie --rf $G_FLAG -l -L -v -p 150  -o StringTie/sample_579_stringtie.gff Mapping/sample_579_minimap.sam 2> StringTie/sample_579_StringTie.log
        
        (one of the commands exited with non-zero exit code; note that snakemake uses bash strict mode!)

Shutting down, this might take some time.
Exiting because a job execution failed. Look above for error message
Complete log: ../../../Snakemakes/pipeline-isoforms-ONT-stringtie/.snakemake/log/2024-08-22T163022.338212.snakemake.log
