Building DAG of jobs...
Using shell: /usr/bin/bash
Provided cores: 150
Rules claiming more threads will be scaled down.
Job stats:
job                count    min threads    max threads
---------------  -------  -------------  -------------
all                    1              1              1
minimap_mapping        1            150            150
pychopper              1            150            150
run_stringtie          1            150            150
total                  4              1            150

Select jobs to execute...

[Mon Oct 28 15:47:51 2024]
rule pychopper:
    input: processed_reads/sample_1_001_reads_concat.fq
    output: Pychopper/sample_1_001_full_length_reads.fq
    log: /home/JHEmilGustavsson/MinaRyten/Emil/iPSC_oligo/sample_1_001/Pychopper/sample_1_001_pychopped.log
    jobid: 3
    reason: Missing output files: Pychopper/sample_1_001_full_length_reads.fq
    threads: 150
    resources: tmpdir=/tmp

[Tue Oct 29 00:16:44 2024]
Finished job 3.
1 of 4 steps (25%) done
Removing temporary output processed_reads/sample_1_001_reads_concat.fq.
Select jobs to execute...

[Tue Oct 29 00:17:46 2024]
rule minimap_mapping:
    input: /home/MinaRyten/Emil/references/GRCh38.primary_assembly.genome.fa, Pychopper/sample_1_001_full_length_reads.fq
    output: Mapping/sample_1_001_minimap.sam
    log: Mapping/sample_1_001_minimap.log
    jobid: 2
    reason: Missing output files: Mapping/sample_1_001_minimap.sam; Input files updated by another job: Pychopper/sample_1_001_full_length_reads.fq
    threads: 150
    resources: tmpdir=/tmp

[Tue Oct 29 01:12:46 2024]
Finished job 2.
2 of 4 steps (50%) done
Select jobs to execute...

[Tue Oct 29 01:12:46 2024]
rule run_stringtie:
    input: Mapping/sample_1_001_minimap.sam, /home/MinaRyten/Emil/references/GRCh38.primary_assembly.genome.fa
    output: StringTie/sample_1_001_stringtie.gff
    log: StringTie/sample_1_001_StringTie.log
    jobid: 1
    reason: Missing output files: StringTie/sample_1_001_stringtie.gff; Input files updated by another job: Mapping/sample_1_001_minimap.sam
    threads: 150
    resources: tmpdir=/tmp

[Tue Oct 29 01:28:56 2024]
Finished job 1.
3 of 4 steps (75%) done
Select jobs to execute...

[Tue Oct 29 01:28:56 2024]
localrule all:
    input: StringTie/sample_1_001_stringtie.gff
    jobid: 0
    reason: Input files updated by another job: StringTie/sample_1_001_stringtie.gff
    resources: tmpdir=/tmp

[Tue Oct 29 01:28:56 2024]
Finished job 0.
4 of 4 steps (100%) done
Complete log: ../../Snakemakes/pipeline-isoforms-ONT-stringtie/.snakemake/log/2024-10-28T154735.472533.snakemake.log
