Building DAG of jobs...
Using shell: /usr/bin/bash
Provided cores: 150
Rules claiming more threads will be scaled down.
Job stats:
job              count    min threads    max threads
-------------  -------  -------------  -------------
all                  1              1              1
run_stringtie        1            150            150
total                2              1            150

Select jobs to execute...

[Fri Aug 23 11:29:26 2024]
rule run_stringtie:
    input: Mapping/sample_579_minimap.sam, /home/MinaRyten/Emil/references/GRCh38.primary_assembly.genome.fa
    output: StringTie/sample_579_stringtie.gff
    log: StringTie/sample_579_StringTie.log
    jobid: 2
    reason: Missing output files: StringTie/sample_579_stringtie.gff
    threads: 150
    resources: tmpdir=/tmp

[Fri Aug 23 11:29:32 2024]
Error in rule run_stringtie:
    jobid: 2
    input: Mapping/sample_579_minimap.sam, /home/MinaRyten/Emil/references/GRCh38.primary_assembly.genome.fa
    output: StringTie/sample_579_stringtie.gff
    log: StringTie/sample_579_StringTie.log (check log file(s) for error message)
    shell:
        
        stringtie --rf {"-G " + params.ann if params.ann else ""} -L -v -p 150  -o StringTie/sample_579_stringtie.gff Mapping/sample_579_minimap.sam 2> StringTie/sample_579_StringTie.log
        
        (one of the commands exited with non-zero exit code; note that snakemake uses bash strict mode!)

Shutting down, this might take some time.
Exiting because a job execution failed. Look above for error message
Complete log: ../../../Snakemakes/pipeline-isoforms-ONT-stringtie/.snakemake/log/2024-08-23T112923.425411.snakemake.log
