WorkflowError in line 15 of /home/MinaRyten/Emil/Snakemakes/pipeline-isoforms-ONT-stringtie/snakefile:
Error validating config file.
ValidationError: 'gtf' is a required property

Failed validating 'required' in schema:
    OrderedDict([('$schema', 'http://json-schema.org/draft-06/schema#'),
                 ('description', 'snakemake configuration file'),
                 ('properties',
                  OrderedDict([('workdir',
                                OrderedDict([('type', 'string'),
                                             ('minLength', 1)])),
                               ('sample_name',
                                OrderedDict([('type', 'string'),
                                             ('default', 'sample'),
                                             ('minLength', 1)])),
                               ('genome',
                                OrderedDict([('type', 'string'),
                                             ('minLength', 1)])),
                               ('reads_fastq',
                                OrderedDict([('type', 'string'),
                                             ('default', '')])),
                               ('gtf',
                                OrderedDict([('type', 'string'),
                                             ('minLength', 1)])),
                               ('threads',
                                OrderedDict([('type', 'integer'),
                                             ('default', 30)]))])),
                 ('required', ['workdir', 'genome', 'gtf'])])

On instance:
    {'annotation': '/home/MinaRyten/Emil/references/gencode.v38.annotation.gtf',
     'genome': '/home/MinaRyten/Emil/references/GRCh38.primary_assembly.genome.fa',
     'kit': 'PCS111',
     'minimap2_opts': '-uf -k14 --MD',
     'pychopper_opts': '',
     'reads_fastq': '/home/MinaRyten/Emil/public_data/long-read/Ebbert_2023/sample_579_PAG75663.fastq',
     'run_pychopper': True,
     'sample_name': 'sample_579',
     'stringtie2_opts': '',
     'threads': 150,
     'use_guide_annotation': False,
     'workdir': '/home/MinaRyten/Emil/projects/APP_manuscript/ONT_long_read_analysis'}
  File "/home/MinaRyten/Emil/Snakemakes/pipeline-isoforms-ONT-stringtie/snakefile", line 15, in <module>
