Building DAG of jobs...
File path 'StringTie/ sample_1_001 _stringtie.gff ' ends with whitespace. This is likely unintended. It can also lead to inconsistent results of the file-matching approach used by Snakemake.
File path 'processed_reads/ sample_1_001 _reads_concat.fq.gz ' ends with whitespace. This is likely unintended. It can also lead to inconsistent results of the file-matching approach used by Snakemake.
File path 'processed_reads/ sample_1_001 _reads_concat.fq.gz ' ends with whitespace. This is likely unintended. It can also lead to inconsistent results of the file-matching approach used by Snakemake.
File path 'Mapping/ sample_1_001 _minimap.sam ' ends with whitespace. This is likely unintended. It can also lead to inconsistent results of the file-matching approach used by Snakemake.
File path 'StringTie/ sample_1_001 _stringtie.gff ' ends with whitespace. This is likely unintended. It can also lead to inconsistent results of the file-matching approach used by Snakemake.
File path 'StringTie/ sample_1_001 _StringTie.log ' ends with whitespace. This is likely unintended. It can also lead to inconsistent results of the file-matching approach used by Snakemake.
File path 'Pychopper/ sample_1_001 _full_length_reads.fastq ' ends with whitespace. This is likely unintended. It can also lead to inconsistent results of the file-matching approach used by Snakemake.
File path 'Mapping/ sample_1_001 _minimap.sam ' ends with whitespace. This is likely unintended. It can also lead to inconsistent results of the file-matching approach used by Snakemake.
File path 'Mapping/ sample_1_001 _minimap.log ' ends with whitespace. This is likely unintended. It can also lead to inconsistent results of the file-matching approach used by Snakemake.
File path 'processed_reads/ sample_1_001 _reads_concat.fq.gz ' ends with whitespace. This is likely unintended. It can also lead to inconsistent results of the file-matching approach used by Snakemake.
File path 'Pychopper/ sample_1_001 _full_length_reads.fastq ' ends with whitespace. This is likely unintended. It can also lead to inconsistent results of the file-matching approach used by Snakemake.
File path '/home/JHEmilGustavsson/MinaRyten/Emil/iPSC_oligo/sample_1_001/Pychopper/ sample_1_001 _pychopped.log ' ends with whitespace. This is likely unintended. It can also lead to inconsistent results of the file-matching approach used by Snakemake.
File path 'StringTie/ sample_1_001 _StringTie.log ' ends with whitespace. This is likely unintended. It can also lead to inconsistent results of the file-matching approach used by Snakemake.
File path 'Mapping/ sample_1_001 _minimap.log ' ends with whitespace. This is likely unintended. It can also lead to inconsistent results of the file-matching approach used by Snakemake.
File path '/home/JHEmilGustavsson/MinaRyten/Emil/iPSC_oligo/sample_1_001/Pychopper/ sample_1_001 _pychopped.log ' ends with whitespace. This is likely unintended. It can also lead to inconsistent results of the file-matching approach used by Snakemake.
Using shell: /usr/bin/bash
Provided cores: 150
Rules claiming more threads will be scaled down.
Job stats:
job                count    min threads    max threads
---------------  -------  -------------  -------------
all                    1              1              1
minimap_mapping        1            150            150
nanostat               1            150            150
pychopper              1            150            150
run_stringtie          1            150            150
total                  5              1            150

Select jobs to execute...

[Fri Oct 25 14:19:13 2024]
rule nanostat:
    input: processed_reads/ sample_1_001 _reads_concat.fq.gz 
    output: Nanostat/stat_out.txt
    jobid: 1
    reason: Missing output files: Nanostat/stat_out.txt
    threads: 150
    resources: tmpdir=/tmp

[Fri Oct 25 14:19:26 2024]
Error in rule nanostat:
    jobid: 1
    input: processed_reads/ sample_1_001 _reads_concat.fq.gz 
    output: Nanostat/stat_out.txt
    shell:
        
        NanoStat -n Nanostat/stat_out.txt -t 150 --tsv --fastq processed_reads/ sample_1_001 _reads_concat.fq.gz 
        
        (one of the commands exited with non-zero exit code; note that snakemake uses bash strict mode!)

Shutting down, this might take some time.
Exiting because a job execution failed. Look above for error message
Complete log: ../../Snakemakes/pipeline-isoforms-ONT-stringtie/.snakemake/log/2024-10-25T141906.965370.snakemake.log
