Building DAG of jobs...
File path 'StringTie/ sample_1_001 _stringtie.gff ' ends with whitespace. This is likely unintended. It can also lead to inconsistent results of the file-matching approach used by Snakemake.
File path 'Mapping/ sample_1_001 _minimap.sam ' ends with whitespace. This is likely unintended. It can also lead to inconsistent results of the file-matching approach used by Snakemake.
File path 'StringTie/ sample_1_001 _stringtie.gff ' ends with whitespace. This is likely unintended. It can also lead to inconsistent results of the file-matching approach used by Snakemake.
File path 'StringTie/ sample_1_001 _StringTie.log ' ends with whitespace. This is likely unintended. It can also lead to inconsistent results of the file-matching approach used by Snakemake.
File path 'Pychopper/ sample_1_001 _full_length_reads.fastq ' ends with whitespace. This is likely unintended. It can also lead to inconsistent results of the file-matching approach used by Snakemake.
File path 'Mapping/ sample_1_001 _minimap.sam ' ends with whitespace. This is likely unintended. It can also lead to inconsistent results of the file-matching approach used by Snakemake.
File path 'Mapping/ sample_1_001 _minimap.log ' ends with whitespace. This is likely unintended. It can also lead to inconsistent results of the file-matching approach used by Snakemake.
File path 'processed_reads/ sample_1_001 _reads_concat.fq.gz ' ends with whitespace. This is likely unintended. It can also lead to inconsistent results of the file-matching approach used by Snakemake.
File path 'Pychopper/ sample_1_001 _full_length_reads.fastq ' ends with whitespace. This is likely unintended. It can also lead to inconsistent results of the file-matching approach used by Snakemake.
File path 'processed_reads/ sample_1_001 _reads_concat.fq.gz ' ends with whitespace. This is likely unintended. It can also lead to inconsistent results of the file-matching approach used by Snakemake.
File path 'StringTie/ sample_1_001 _StringTie.log ' ends with whitespace. This is likely unintended. It can also lead to inconsistent results of the file-matching approach used by Snakemake.
File path 'Mapping/ sample_1_001 _minimap.log ' ends with whitespace. This is likely unintended. It can also lead to inconsistent results of the file-matching approach used by Snakemake.
Using shell: /usr/bin/bash
Provided cores: 150
Rules claiming more threads will be scaled down.
Job stats:
job                count    min threads    max threads
---------------  -------  -------------  -------------
all                    1              1              1
minimap_mapping        1            150            150
pychopper              1            150            150
run_stringtie          1            150            150
total                  4              1            150

Select jobs to execute...

[Fri Oct 25 14:25:48 2024]
rule pychopper:
    input: processed_reads/ sample_1_001 _reads_concat.fq.gz 
    output: Pychopper/ sample_1_001 _full_length_reads.fastq 
    log: /home/JHEmilGustavsson/MinaRyten/Emil/iPSC_oligo/sample_1_001/Pychopper/_sample_1_001__pychopped.log_
    jobid: 3
    reason: Missing output files: Pychopper/ sample_1_001 _full_length_reads.fastq 
    threads: 150
    resources: tmpdir=/tmp

Shutting down, this might take some time.
Exiting because a job execution failed. Look above for error message
Complete log: ../../Snakemakes/pipeline-isoforms-ONT-stringtie/.snakemake/log/2024-10-25T142546.958464.snakemake.log
