Building DAG of jobs...
Using shell: /usr/bin/bash
Provided cores: 200
Rules claiming more threads will be scaled down.
Job stats:
job                count    min threads    max threads
---------------  -------  -------------  -------------
all                    1              1              1
minimap_mapping        1            200            200
pychopper              1            200            200
run_stringtie          1            200            200
total                  4              1            200

Select jobs to execute...

[Thu May 29 11:20:09 2025]
rule pychopper:
    input: /home/MinaRyten/Emil/public_data/long-read/Ebbert_2023/sample_1131_PAM44580.fastq.gz
    output: /home/MinaRyten/Emil/public_data/long-read/Ebbert_2023/pipeline-isoforms-ONT-stringtie/sample_1131_PAM44580/Pychopper/sample_1131_PAM44580_full_length_reads.fq
    log: /home/MinaRyten/Emil/public_data/long-read/Ebbert_2023/pipeline-isoforms-ONT-stringtie/sample_1131_PAM44580/Pychopper/sample_1131_PAM44580_pychopped.log
    jobid: 3
    reason: Missing output files: /home/MinaRyten/Emil/public_data/long-read/Ebbert_2023/pipeline-isoforms-ONT-stringtie/sample_1131_PAM44580/Pychopper/sample_1131_PAM44580_full_length_reads.fq
    threads: 200
    resources: tmpdir=/tmp

[Thu May 29 17:33:44 2025]
Finished job 3.
1 of 4 steps (25%) done
Select jobs to execute...

[Thu May 29 17:33:44 2025]
rule minimap_mapping:
    input: /home/MinaRyten/Emil/references/GRCh38.primary_assembly.genome.fa, /home/MinaRyten/Emil/public_data/long-read/Ebbert_2023/pipeline-isoforms-ONT-stringtie/sample_1131_PAM44580/Pychopper/sample_1131_PAM44580_full_length_reads.fq
    output: /home/MinaRyten/Emil/public_data/long-read/Ebbert_2023/pipeline-isoforms-ONT-stringtie/sample_1131_PAM44580/Mapping/sample_1131_PAM44580_minimap.sam
    log: /home/MinaRyten/Emil/public_data/long-read/Ebbert_2023/pipeline-isoforms-ONT-stringtie/sample_1131_PAM44580/Mapping/sample_1131_PAM44580_minimap.log
    jobid: 2
    reason: Missing output files: /home/MinaRyten/Emil/public_data/long-read/Ebbert_2023/pipeline-isoforms-ONT-stringtie/sample_1131_PAM44580/Mapping/sample_1131_PAM44580_minimap.sam; Input files updated by another job: /home/MinaRyten/Emil/public_data/long-read/Ebbert_2023/pipeline-isoforms-ONT-stringtie/sample_1131_PAM44580/Pychopper/sample_1131_PAM44580_full_length_reads.fq
    threads: 200
    resources: tmpdir=/tmp

[Thu May 29 17:45:56 2025]
Finished job 2.
2 of 4 steps (50%) done
Select jobs to execute...

[Thu May 29 17:45:56 2025]
rule run_stringtie:
    input: /home/MinaRyten/Emil/public_data/long-read/Ebbert_2023/pipeline-isoforms-ONT-stringtie/sample_1131_PAM44580/Mapping/sample_1131_PAM44580_minimap.sam, /home/MinaRyten/Emil/references/GRCh38.primary_assembly.genome.fa
    output: /home/MinaRyten/Emil/public_data/long-read/Ebbert_2023/pipeline-isoforms-ONT-stringtie/sample_1131_PAM44580/StringTie/sample_1131_PAM44580_stringtie.gff
    log: /home/MinaRyten/Emil/public_data/long-read/Ebbert_2023/pipeline-isoforms-ONT-stringtie/sample_1131_PAM44580/StringTie/sample_1131_PAM44580_StringTie.log
    jobid: 1
    reason: Missing output files: /home/MinaRyten/Emil/public_data/long-read/Ebbert_2023/pipeline-isoforms-ONT-stringtie/sample_1131_PAM44580/StringTie/sample_1131_PAM44580_stringtie.gff; Input files updated by another job: /home/MinaRyten/Emil/public_data/long-read/Ebbert_2023/pipeline-isoforms-ONT-stringtie/sample_1131_PAM44580/Mapping/sample_1131_PAM44580_minimap.sam
    threads: 200
    resources: tmpdir=/tmp

[Thu May 29 17:49:44 2025]
Finished job 1.
3 of 4 steps (75%) done
Select jobs to execute...

[Thu May 29 17:49:44 2025]
localrule all:
    input: /home/MinaRyten/Emil/public_data/long-read/Ebbert_2023/pipeline-isoforms-ONT-stringtie/sample_1131_PAM44580/StringTie/sample_1131_PAM44580_stringtie.gff
    jobid: 0
    reason: Input files updated by another job: /home/MinaRyten/Emil/public_data/long-read/Ebbert_2023/pipeline-isoforms-ONT-stringtie/sample_1131_PAM44580/StringTie/sample_1131_PAM44580_stringtie.gff
    resources: tmpdir=/tmp

[Thu May 29 17:49:44 2025]
Finished job 0.
4 of 4 steps (100%) done
Complete log: ../../../../../Snakemakes/pipeline-isoforms-ONT-stringtie/.snakemake/log/2025-05-29T112004.851455.snakemake.log
